<?xml version="1.0" encoding="UTF-8"?>
<testng-results skipped="0" failed="0" ignored="0" total="1" passed="1">
  <reporter-output>
  </reporter-output>
  <suite name="Default suite" duration-ms="48889" started-at="2020-06-09T19:20:59Z" finished-at="2020-06-09T19:21:48Z">
    <groups>
    </groups>
    <test name="Default test" duration-ms="48889" started-at="2020-06-09T19:20:59Z" finished-at="2020-06-09T19:21:48Z">
      <class name="allClassFilesHere.Test1_Sikuli1">
        <test-method status="PASS" signature="handlefileUpload()[pri:0, instance:allClassFilesHere.Test1_Sikuli1@5ed828d]" name="handlefileUpload" duration-ms="48848" started-at="2020-06-09T19:20:59Z" finished-at="2020-06-09T19:21:48Z">
          <reporter-output>
          </reporter-output>
        </test-method> <!-- handlefileUpload -->
      </class> <!-- allClassFilesHere.Test1_Sikuli1 -->
    </test> <!-- Default test -->
  </suite> <!-- Default suite -->
</testng-results>
